{
  "RSpec": {
    "coverage": {
      "/Users/adamjonas/Projects/makers/week-4/bookmark-manager/lib/database_connection.rb": [
        1,
        null,
        1,
        1,
        1,
        null,
        1,
        4,
        null,
        null,
        1,
        34,
        null,
        null,
        null
      ],
      "/Users/adamjonas/Projects/makers/week-4/bookmark-manager/database_connection_setup.rb": [
        1,
        null,
        1,
        1,
        null,
        0,
        null
      ],
      "/Users/adamjonas/Projects/makers/week-4/bookmark-manager/spec/setup_test_database.rb": [
        1,
        null,
        1,
        null,
        1,
        18,
        18,
        18,
        null
      ],
      "/Users/adamjonas/Projects/makers/week-4/bookmark-manager/app.rb": [
        1,
        1,
        1,
        1,
        1,
        null,
        1,
        1,
        null,
        1,
        1,
        1,
        null,
        null,
        1,
        1,
        null,
        null,
        1,
        2,
        null,
        null,
        1,
        2,
        2,
        null,
        2,
        null,
        null,
        1,
        6,
        6,
        null,
        null,
        1,
        0,
        0,
        null,
        null,
        1,
        0,
        0,
        null,
        null,
        1,
        0,
        0,
        null,
        null,
        1,
        null
      ],
      "/Users/adamjonas/Projects/makers/week-4/bookmark-manager/lib/bookmark.rb": [
        1,
        null,
        1,
        1,
        null,
        1,
        1,
        12,
        12,
        11,
        null,
        null,
        null,
        1,
        18,
        null,
        16,
        null,
        null,
        null,
        null,
        null,
        16,
        null,
        null,
        1,
        1,
        null,
        null,
        1,
        3,
        null,
        null,
        3,
        null,
        null,
        1,
        1,
        null,
        null,
        null,
        null,
        null,
        null,
        null,
        null,
        1,
        32,
        32,
        32,
        null,
        null,
        1,
        null,
        1,
        1,
        33,
        null,
        null,
        1,
        18,
        null,
        null,
        null
      ],
      "/Users/adamjonas/Projects/makers/week-4/bookmark-manager/spec/feature/adding_bookmarks_spec.rb": [
        1,
        1,
        1,
        1,
        1,
        1,
        1,
        1,
        null,
        null
      ],
      "/Users/adamjonas/Projects/makers/week-4/bookmark-manager/spec/feature/deleting_bookmarks_spec.rb": [
        1,
        1,
        1,
        null,
        1,
        1,
        null,
        1,
        1,
        1,
        null,
        null
      ],
      "/Users/adamjonas/Projects/makers/week-4/bookmark-manager/spec/feature/entering_invalid_url_spec.rb": [
        1,
        1,
        1,
        1,
        1,
        1,
        1,
        1,
        1,
        null,
        null
      ],
      "/Users/adamjonas/Projects/makers/week-4/bookmark-manager/spec/feature/updating_bookmarks_spec.rb": [
        1,
        1,
        0,
        0,
        0,
        0,
        0,
        null,
        0,
        null,
        0,
        null,
        0,
        0,
        null,
        0,
        null,
        0,
        null,
        0,
        0,
        null,
        null
      ],
      "/Users/adamjonas/Projects/makers/week-4/bookmark-manager/spec/feature/viewing_bookmarks_spec.rb": [
        1,
        null,
        1,
        1,
        1,
        null,
        null,
        1,
        1,
        1,
        1,
        null,
        1,
        1,
        1,
        1,
        null,
        null,
        null,
        null
      ],
      "/Users/adamjonas/Projects/makers/week-4/bookmark-manager/spec/unit/bookmark_spec.rb": [
        1,
        1,
        1,
        1,
        1,
        1,
        null,
        1,
        null,
        1,
        1,
        1,
        null,
        null,
        null,
        1,
        1,
        1,
        1,
        1,
        null,
        null,
        1,
        1,
        1,
        1,
        null,
        null,
        1,
        1,
        1,
        null,
        null,
        null,
        1,
        1,
        1,
        1,
        null,
        1,
        1,
        null,
        null,
        null,
        1,
        1,
        1,
        1,
        1,
        null,
        null,
        1,
        1,
        1,
        1,
        null,
        1,
        1,
        null,
        null,
        null,
        1,
        1,
        1,
        1,
        1,
        null,
        1,
        1,
        null,
        null,
        null,
        1,
        1,
        1,
        1,
        null,
        null,
        null,
        1,
        1,
        1,
        1,
        null,
        null,
        null
      ],
      "/Users/adamjonas/Projects/makers/week-4/bookmark-manager/spec/unit/database_connection_spec.rb": [
        1,
        1,
        1,
        1,
        1,
        1,
        null,
        null,
        1,
        1,
        1,
        null,
        null,
        null,
        1,
        1,
        1,
        null,
        1,
        null,
        1,
        null,
        null,
        null
      ]
    },
    "timestamp": 1614257261
  }
}
